Arguments: 
  C:\Program Files\nodejs\node.exe C:\Users\santiago.grecco\AppData\Roaming\npm\node_modules\yarn\bin\yarn.js install

PATH: 
  C:\Program Files (x86)\Common Files\Oracle\Java\javapath;C:\windows\system32;C:\windows;C:\windows\System32\Wbem;C:\windows\System32\WindowsPowerShell\v1.0\;C:\Program Files\Git\cmd;C:\Users\santiago.grecco\AppData\Roaming\nvm;C:\Program Files\nodejs;C:\Program Files\Microsoft VS Code\bin;C:\Program Files\Microsoft VS Code\bin;C:\Users\santiago.grecco\AppData\Roaming\npm;C:\Users\santiago.grecco\AppData\Local\Android\Sdk\platform-tools;C:\Users\santiago.grecco\AppData\Local\Android\Sdk\tools;C:\Windows\System32;C:\Users\santiago.grecco\AppData\Local\Programs\Fiddler;C:\Users\santiago.grecco\AppData\Local\Programs\Python\Python36-32

Yarn version: 
  1.12.3

Node version: 
  8.11.3

Platform: 
  win32 x64

Trace: 
  Error: https://oneit.wba.com/artifactory/api/npm/rx-rnwl-npm/rxjs: tunneling socket could not be established, cause=connect ETIMEDOUT 172.28.97.25:8080
      at ClientRequest.onError (C:\Users\santiago.grecco\AppData\Roaming\npm\node_modules\yarn\lib\cli.js:140504:17)
      at Object.onceWrapper (events.js:315:30)
      at emitOne (events.js:116:13)
      at ClientRequest.emit (events.js:211:7)
      at Socket.socketErrorListener (_http_client.js:387:9)
      at emitOne (events.js:116:13)
      at Socket.emit (events.js:211:7)
      at emitErrorNT (internal/streams/destroy.js:64:8)
      at _combinedTickCallback (internal/process/next_tick.js:138:11)
      at process._tickCallback (internal/process/next_tick.js:180:9)

npm manifest: 
  {
    "name": "rx-react",
    "version": "1.0.0",
    "description": "",
    "main": "index.js",
    "scripts": {
      "test": "echo \"Error: no test specified\" && exit 1"
    },
    "keywords": [],
    "dependencies": {
      "rxjs": "^6.3.3",
      "rxjs-compat": "^6.3.3"
    },
    "author": "",
    "license": "ISC"
  }

yarn manifest: 
  No manifest

Lockfile: 
  No lockfile
